#
# There is insufficient memory for the Java Runtime Environment to continue.
# Native memory allocation (mmap) failed to map 536870912 bytes for G1 virtual space
# Possible reasons:
#   The system is out of physical RAM or swap space
#   The process is running with CompressedOops enabled, and the Java Heap may be blocking the growth of the native heap
# Possible solutions:
#   Reduce memory load on the system
#   Increase physical memory or swap space
#   Check if swap backing store is full
#   Decrease Java heap size (-Xmx/-Xms)
#   Decrease number of Java threads
#   Decrease Java thread stack sizes (-Xss)
#   Set larger code cache with -XX:ReservedCodeCacheSize=
#   JVM is running with Zero Based Compressed Oops mode in which the Java heap is
#     placed in the first 32GB address space. The Java Heap base address is the
#     maximum limit for the native heap growth. Please use -XX:HeapBaseMinAddress
#     to set the Java Heap base and to place the Java Heap above 32GB virtual address.
# This output file may be truncated or incomplete.
#
#  Out of Memory Error (os_windows.cpp:3550), pid=58756, tid=57988
#
# JRE version:  (17.0.7+8) (build )
# Java VM: Java HotSpot(TM) 64-Bit Server VM (17.0.7+8-LTS-224, mixed mode, sharing, tiered, compressed oops, compressed class ptrs, g1 gc, windows-amd64)
# No core dump will be written. Minidumps are not enabled by default on client versions of Windows
#

---------------  S U M M A R Y ------------

Command Line: -Dfile.encoding=UTF-8 --module-path=C:\Users\Nathan\Documents\GitHub\minesweeper\bin -XX:+ShowCodeDetailsInExceptionMessages -Djdk.module.main=minesweeper minesweeper/minesweeper.Main

Host: Intel(R) Core(TM) i7-9700 CPU @ 3.00GHz, 8 cores, 31G,  Windows 11 , 64 bit Build 22621 (10.0.22621.1485)
Time: Fri May  5 22:27:16 2023 AUS Eastern Standard Time elapsed time: 0.012683 seconds (0d 0h 0m 0s)

---------------  T H R E A D  ---------------

Current thread (0x000002057941e4f0):  JavaThread "Unknown thread" [_thread_in_vm, id=57988, stack(0x000000100f600000,0x000000100f700000)]

Stack: [0x000000100f600000,0x000000100f700000]
Native frames: (J=compiled Java code, j=interpreted, Vv=VM code, C=native code)
V  [jvm.dll+0x676a4a]
V  [jvm.dll+0x7d74f4]
V  [jvm.dll+0x7d8c9e]
V  [jvm.dll+0x7d9303]
V  [jvm.dll+0x2452c5]
V  [jvm.dll+0x6738f9]
V  [jvm.dll+0x668232]
V  [jvm.dll+0x302826]
V  [jvm.dll+0x309da6]
V  [jvm.dll+0x35952e]
V  [jvm.dll+0x35975f]
V  [jvm.dll+0x2d9a38]
V  [jvm.dll+0x2da9a4]
V  [jvm.dll+0x7a8fb1]
V  [jvm.dll+0x3670e1]
V  [jvm.dll+0x788359]
V  [jvm.dll+0x3ea5ef]
V  [jvm.dll+0x3ec071]
C  [jli.dll+0x5297]
C  [ucrtbase.dll+0x29363]
C  [KERNEL32.DLL+0x1269d]
C  [ntdll.dll+0x5a9f8]


---------------  P R O C E S S  ---------------

Threads class SMR info:
_java_thread_list=0x00007fff910f4998, length=0, elements={
}

Java Threads: ( => current thread )

Other Threads:
  0x00000205794cd310 GCTaskThread "GC Thread#0" [stack: 0x000000100f700000,0x000000100f800000] [id=53196]
  0x00000205794da900 ConcurrentGCThread "G1 Main Marker" [stack: 0x000000100f800000,0x000000100f900000] [id=36644]
  0x000002057e822170 ConcurrentGCThread "G1 Conc#0" [stack: 0x000000100f900000,0x000000100fa00000] [id=58520]

[error occurred during error reporting (printing all threads), id 0xc0000005, EXCEPTION_ACCESS_VIOLATION (0xc0000005) at pc=0x00007fff9092a697]

VM state: not at safepoint (not fully initialized)

VM Mutex/Monitor currently owned by a thread:  ([mutex/lock_event])
[0x000002057941a470] Heap_lock - owner thread: 0x000002057941e4f0

Heap address: 0x0000000600c00000, size: 8180 MB, Compressed Oops mode: Zero based, Oop shift amount: 3

CDS archive(s) mapped at: [0x0000000000000000-0x0000000000000000-0x0000000000000000), size 0, SharedBaseAddress: 0x0000000800000000, ArchiveRelocationMode: 0.
Narrow klass base: 0x0000000000000000, Narrow klass shift: 0, Narrow klass range: 0x0

GC Precious Log:
<Empty>

Heap:
 garbage-first heap   total 0K, used 0K [0x0000000600c00000, 0x0000000800000000)
  region size 4096K, 0 young (0K), 0 survivors (0K)

[error occurred during error reporting (printing heap information), id 0xc0000005, EXCEPTION_ACCESS_VIOLATION (0xc0000005) at pc=0x00007fff90d100b9]

GC Heap History (0 events):
No events

Deoptimization events (0 events):
No events

Classes unloaded (0 events):
No events

Classes redefined (0 events):
No events

Internal exceptions (0 events):
No events

VM Operations (0 events):
No events

Events (1 events):
Event: 0.008 Loaded shared library C:\Program Files\Java\jdk-17\bin\java.dll


Dynamic libraries:
0x00007ff634460000 - 0x00007ff634470000 	C:\Program Files\Java\jdk-17\bin\javaw.exe
0x00007ff835290000 - 0x00007ff8354a4000 	C:\WINDOWS\SYSTEM32\ntdll.dll
0x00007ff8330a0000 - 0x00007ff833162000 	C:\WINDOWS\System32\KERNEL32.DLL
0x00007ff832ac0000 - 0x00007ff832e5c000 	C:\WINDOWS\System32\KERNELBASE.dll
0x00007ff832f80000 - 0x00007ff833091000 	C:\WINDOWS\System32\ucrtbase.dll
0x00007ff8136e0000 - 0x00007ff8136fb000 	C:\Program Files\Java\jdk-17\bin\VCRUNTIME140.dll
0x00007ff805430000 - 0x00007ff805449000 	C:\Program Files\Java\jdk-17\bin\jli.dll
0x00007ff833e90000 - 0x00007ff833f3e000 	C:\WINDOWS\System32\ADVAPI32.dll
0x00007ff833ad0000 - 0x00007ff833b77000 	C:\WINDOWS\System32\msvcrt.dll
0x00007ff833a20000 - 0x00007ff833ac4000 	C:\WINDOWS\System32\sechost.dll
0x00007ff833c90000 - 0x00007ff833da7000 	C:\WINDOWS\System32\RPCRT4.dll
0x00007ff833f40000 - 0x00007ff8340eb000 	C:\WINDOWS\System32\USER32.dll
0x00007ff832e60000 - 0x00007ff832e86000 	C:\WINDOWS\System32\win32u.dll
0x00007ff834200000 - 0x00007ff834229000 	C:\WINDOWS\System32\GDI32.dll
0x00007ff81b240000 - 0x00007ff81b4ce000 	C:\WINDOWS\WinSxS\amd64_microsoft.windows.common-controls_6595b64144ccf1df_6.0.22621.608_none_a9444ca7c10bb01d\COMCTL32.dll
0x00007ff8329a0000 - 0x00007ff832ab3000 	C:\WINDOWS\System32\gdi32full.dll
0x00007ff832840000 - 0x00007ff8328da000 	C:\WINDOWS\System32\msvcp_win.dll
0x00007ff82ae90000 - 0x00007ff82ae9a000 	C:\WINDOWS\SYSTEM32\VERSION.dll
0x00007ff834f20000 - 0x00007ff834f51000 	C:\WINDOWS\System32\IMM32.DLL
0x00007ff82dac0000 - 0x00007ff82dacc000 	C:\Program Files\Java\jdk-17\bin\vcruntime140_1.dll
0x00007fffecbd0000 - 0x00007fffecc5e000 	C:\Program Files\Java\jdk-17\bin\msvcp140.dll
0x00007fff90640000 - 0x00007fff9121d000 	C:\Program Files\Java\jdk-17\bin\server\jvm.dll
0x00007ff834ea0000 - 0x00007ff834ea8000 	C:\WINDOWS\System32\PSAPI.DLL
0x00007ff80fc50000 - 0x00007ff80fc59000 	C:\WINDOWS\SYSTEM32\WSOCK32.dll
0x00007ff82c020000 - 0x00007ff82c054000 	C:\WINDOWS\SYSTEM32\WINMM.dll
0x00007ff833840000 - 0x00007ff8338b1000 	C:\WINDOWS\System32\WS2_32.dll
0x00007ff831810000 - 0x00007ff831828000 	C:\WINDOWS\SYSTEM32\kernel.appcore.dll
0x00007ff824030000 - 0x00007ff82403a000 	C:\Program Files\Java\jdk-17\bin\jimage.dll
0x00007ff829ae0000 - 0x00007ff829d0e000 	C:\WINDOWS\SYSTEM32\DBGHELP.DLL
0x00007ff833370000 - 0x00007ff8336f9000 	C:\WINDOWS\System32\combase.dll
0x00007ff833db0000 - 0x00007ff833e87000 	C:\WINDOWS\System32\OLEAUT32.dll
0x00007ff811700000 - 0x00007ff811732000 	C:\WINDOWS\SYSTEM32\dbgcore.DLL
0x00007ff832f00000 - 0x00007ff832f7b000 	C:\WINDOWS\System32\bcryptPrimitives.dll
0x00007ff805400000 - 0x00007ff805425000 	C:\Program Files\Java\jdk-17\bin\java.dll

dbghelp: loaded successfully - version: 4.0.5 - missing functions: none
symbol engine: initialized successfully - sym options: 0x614 - pdb path: .;C:\Program Files\Java\jdk-17\bin;C:\WINDOWS\SYSTEM32;C:\WINDOWS\WinSxS\amd64_microsoft.windows.common-controls_6595b64144ccf1df_6.0.22621.608_none_a9444ca7c10bb01d;C:\Program Files\Java\jdk-17\bin\server

VM Arguments:
jvm_args: -Dfile.encoding=UTF-8 --module-path=C:\Users\Nathan\Documents\GitHub\minesweeper\bin -XX:+ShowCodeDetailsInExceptionMessages -Djdk.module.main=minesweeper 
java_command: minesweeper/minesweeper.Main
java_class_path (initial): <not set>
Launcher Type: SUN_STANDARD

[Global flags]
     intx CICompilerCount                          = 4                                         {product} {ergonomic}
     uint ConcGCThreads                            = 2                                         {product} {ergonomic}
     uint G1ConcRefinementThreads                  = 8                                         {product} {ergonomic}
   size_t G1HeapRegionSize                         = 4194304                                   {product} {ergonomic}
    uintx GCDrainStackTargetSize                   = 64                                        {product} {ergonomic}
   size_t InitialHeapSize                          = 536870912                                 {product} {ergonomic}
   size_t MarkStackSize                            = 4194304                                   {product} {ergonomic}
   size_t MaxHeapSize                              = 8577351680                                {product} {ergonomic}
   size_t MinHeapDeltaBytes                        = 4194304                                   {product} {ergonomic}
   size_t MinHeapSize                              = 8388608                                   {product} {ergonomic}
    uintx NonNMethodCodeHeapSize                   = 5839372                                {pd product} {ergonomic}
    uintx NonProfiledCodeHeapSize                  = 122909434                              {pd product} {ergonomic}
    uintx ProfiledCodeHeapSize                     = 122909434                              {pd product} {ergonomic}
    uintx ReservedCodeCacheSize                    = 251658240                              {pd product} {ergonomic}
     bool SegmentedCodeCache                       = true                                      {product} {ergonomic}
     bool ShowCodeDetailsInExceptionMessages       = true                                   {manageable} {command line}
   size_t SoftMaxHeapSize                          = 8577351680                             {manageable} {ergonomic}
     bool UseCompressedClassPointers               = true                           {product lp64_product} {ergonomic}
     bool UseCompressedOops                        = true                           {product lp64_product} {ergonomic}
     bool UseG1GC                                  = true                                      {product} {ergonomic}
     bool UseLargePagesIndividualAllocation        = false                                  {pd product} {ergonomic}

Logging:
Log output configuration:
 #0: stdout all=warning uptime,level,tags
 #1: stderr all=off uptime,level,tags

Environment Variables:
PATH=C:\Program Files\Common Files\Oracle\Java\javapath;C:\Program Files\Oculus\Support\oculus-runtime;C:\Program Files (x86)\Common Files\Intel\Shared Libraries\redist\intel64\compiler;C:\Program Files (x86)\Razer Chroma SDK\bin;C:\Program Files\Razer Chroma SDK\bin;C:\Program Files (x86)\Razer\ChromaBroadcast\bin;C:\Program Files\Razer\ChromaBroadcast\bin;C:\ProgramData\Oracle\Java\javapath;C:\Program Files (x86)\Intel\iCLS Client\;C:\Program Files\Intel\iCLS Client\;C:\Windows\system32;C:\Windows;C:\Windows\System32\Wbem;C:\Windows\System32\WindowsPowerShell\v1.0\;C:\Program Files (x86)\Intel\Intel(R) Management Engine Components\DAL;C:\Program Files\Intel\Intel(R) Management Engine Components\DAL;C:\Program Files (x86)\Intel\Intel(R) Management Engine Components\IPT;C:\Program Files\Intel\Intel(R) Management Engine Components\IPT;C:\WINDOWS\system32;C:\WINDOWS;C:\WINDOWS\System32\Wbem;C:\WINDOWS\System32\WindowsPowerShell\v1.0\;C:\WINDOWS\System32\OpenSSH\;C:\Users\Nathan\AppData\Local\Microsoft\WindowsApps;C:\Program Files (x86)\NVIDIA Corporation\PhysX\Common;C:\Program Files\NVIDIA Corporation\NVIDIA NvDLISR;C:\Program Files\nodejs\;C:\Program Files\Git\cmd;C:\Program Files\dotnet\;C:\WINDOWS\system32;C:\WINDOWS;C:\WINDOWS\System32\Wbem;C:\WINDOWS\System32\WindowsPowerShell\v1.0\;C:\WINDOWS\System32\OpenSSH\;C:\Program Files\GitHub CLI\;C:\Program Files\MySQL\MySQL Shell 8.0\bin\;C:\Users\Nathan\AppData\Local\Microsoft\WindowsApps;C:\Users\Nathan\AppData\Local\Programs\Microsoft VS Code\bin;C:\Users\Nathan\AppData\Roaming\npm;C:\Users\Nathan\AppData\Local\GitHubDesktop\bin;
USERNAME=Nathan
OS=Windows_NT
PROCESSOR_IDENTIFIER=Intel64 Family 6 Model 158 Stepping 13, GenuineIntel



---------------  S Y S T E M  ---------------

OS:
 Windows 11 , 64 bit Build 22621 (10.0.22621.1485)
OS uptime: 0 days 14:07 hours

CPU: total 8 (initial active 8) (8 cores per cpu, 1 threads per core) family 6 model 158 stepping 13 microcode 0xde, cx8, cmov, fxsr, mmx, 3dnowpref, sse, sse2, sse3, ssse3, sse4.1, sse4.2, popcnt, lzcnt, tsc, tscinvbit, avx, avx2, aes, erms, clmul, bmi1, bmi2, adx, fma, vzeroupper, clflush, clflushopt

Memory: 4k page, system-wide physical 32705M (16408M free)
TotalPageFile size 130937M (AvailPageFile size 185M)
current process WorkingSet (physical memory assigned to process): 11M, peak: 11M
current process commit charge ("private bytes"): 60M, peak: 572M

vm_info: Java HotSpot(TM) 64-Bit Server VM (17.0.7+8-LTS-224) for windows-amd64 JRE (17.0.7+8-LTS-224), built on Feb 28 2023 23:03:02 by "mach5one" with MS VC++ 17.1 (VS2022)

END.
